<?xml version="1.0" encoding="UTF-8"?>
<!-- Generated by org.testng.reporters.JUnitReportReporter -->
<testsuite hostname="Murugan_pc" failures="0" tests="1" name="handson.login_844542" time="5.842" errors="0" timestamp="2021-05-03T17:25:19 IST" skipped="0">
  <testcase classname="handson.login_844542" name="login" time="5.842"/>
  <system-out/>
</testsuite> <!-- handson.login_844542 -->
