<?xml version="1.0" encoding="UTF-8"?>
<!-- Generated by org.testng.reporters.JUnitReportReporter -->
<testsuite hostname="Murugan_pc" failures="0" tests="1" name="handson.singleuser" time="7.808" errors="0" timestamp="2021-05-03T19:16:51 IST" skipped="0">
  <testcase classname="handson.singleuser" name="oneuser" time="7.808"/>
  <system-out/>
</testsuite> <!-- handson.singleuser -->
