<?xml version="1.0" encoding="UTF-8"?>
<!-- Generated by org.testng.reporters.JUnitReportReporter -->
<testsuite hostname="Murugan_pc" failures="0" tests="1" name="handson.singleuser_844542" time="3.722" errors="0" timestamp="2021-05-05T19:57:56 IST" skipped="0">
  <testcase classname="handson.singleuser_844542" name="single_user" time="3.722"/>
  <system-out/>
</testsuite> <!-- handson.singleuser_844542 -->
