<?xml version="1.0" encoding="UTF-8"?>
<!-- Generated by org.testng.reporters.JUnitReportReporter -->
<testsuite hostname="Murugan_pc" failures="0" tests="1" name="handson.Retrive_844542" time="7.732" errors="0" timestamp="2021-05-03T19:18:45 IST" skipped="0">
  <testcase classname="handson.Retrive_844542" name="retrive" time="7.732"/>
  <system-out/>
</testsuite> <!-- handson.Retrive_844542 -->
