<?xml version="1.0" encoding="UTF-8"?>
<!-- Generated by org.testng.reporters.JUnitReportReporter -->
<testsuite hostname="Murugan_pc" failures="0" tests="1" name="handson.singleuser_844542" time="5.083" errors="0" timestamp="2021-05-06T16:18:22 IST" skipped="0">
  <testcase classname="handson.singleuser_844542" name="single_user" time="5.083"/>
  <system-out/>
</testsuite> <!-- handson.singleuser_844542 -->
