<?xml version="1.0" encoding="UTF-8"?>
<!-- Generated by org.testng.reporters.JUnitReportReporter -->
<testsuite hostname="Murugan_pc" failures="0" tests="3" name="handson.PUT_844542" time="11.828" errors="0" timestamp="2021-05-06T18:57:54 IST" skipped="0">
  <testcase classname="handson.PUT_844542" name="create_new_user" time="10.262"/>
  <system-out/>
  <testcase classname="handson.PUT_844542" name="update_the_user" time="0.767"/>
  <system-out/>
  <testcase classname="handson.PUT_844542" name="errorvalidation_for_invalid" time="0.799"/>
  <system-out/>
</testsuite> <!-- handson.PUT_844542 -->
