<?xml version="1.0" encoding="UTF-8"?>
<!-- Generated by org.testng.reporters.JUnitReportReporter -->
<testsuite hostname="Murugan_pc" failures="0" tests="1" name="handson.GET_844542" time="0.431" errors="0" timestamp="2021-05-05T19:57:56 IST" skipped="0">
  <testcase classname="handson.GET_844542" name="retrive_the_user" time="0.431"/>
  <system-out/>
</testsuite> <!-- handson.GET_844542 -->
