<?xml version="1.0" encoding="UTF-8"?>
<!-- Generated by org.testng.reporters.JUnitReportReporter -->
<testsuite hostname="Murugan_pc" failures="0" tests="1" name="handson.DELETE_844542" time="1.677" errors="0" timestamp="2021-05-05T19:57:56 IST" skipped="0">
  <testcase classname="handson.DELETE_844542" name="delete_the_user" time="1.677"/>
  <system-out/>
</testsuite> <!-- handson.DELETE_844542 -->
